<?xml version="1.0" encoding="UTF-8"?>
<!-- Generated by org.testng.reporters.JUnitXMLReporter -->
<testsuite ignored="3" hostname="LAPTOP-8M7TIE6G" failures="0" tests="1" name="Test" time="71.38" errors="0" timestamp="2020-12-24T10:51:01 IST">
  <testcase classname="Practice.AppiumFramework.TC_01" name="testCase5" time="71.337"/>
  <testcase classname="Practice.AppiumFramework.TC_01" name="testCase4" time="0.0">
    <ignored/>
  </testcase> <!-- testCase4 -->
  <testcase classname="Practice.AppiumFramework.TC_01" name="testCase1" time="0.0">
    <ignored/>
  </testcase> <!-- testCase1 -->
  <testcase classname="Practice.AppiumFramework.TC_01" name="testCase3" time="0.0">
    <ignored/>
  </testcase> <!-- testCase3 -->
</testsuite> <!-- Test -->
