<?xml version="1.0" encoding="UTF-8"?>
<!-- Generated by org.testng.reporters.JUnitXMLReporter -->
<testsuite ignored="3" hostname="LAPTOP-8M7TIE6G" failures="0" tests="1" name="Default test" time="75.465" errors="0" timestamp="2020-12-28T10:10:59 IST">
  <testcase classname="Practice.AppiumFramework.TC_01" name="testCase5" time="75.415"/>
  <testcase classname="Practice.AppiumFramework.TC_01" name="testCase4" time="0.0">
    <ignored/>
  </testcase> <!-- testCase4 -->
  <testcase classname="Practice.AppiumFramework.TC_01" name="testCase1" time="0.0">
    <ignored/>
  </testcase> <!-- testCase1 -->
  <testcase classname="Practice.AppiumFramework.TC_01" name="testCase3" time="0.0">
    <ignored/>
  </testcase> <!-- testCase3 -->
</testsuite> <!-- Default test -->
